0 info it worked if it ends with ok
1 verbose cli [ '/home/francis/.nvm/versions/node/v6.2.0/bin/node',
1 verbose cli   '/home/francis/.nvm/versions/node/v6.2.0/bin/npm',
1 verbose cli   'run',
1 verbose cli   'serve' ]
2 info using npm@3.8.9
3 info using node@v6.2.0
4 verbose run-script [ 'preserve', 'serve', 'postserve' ]
5 info lifecycle simple-quiz@1.0.0~preserve: simple-quiz@1.0.0
6 silly lifecycle simple-quiz@1.0.0~preserve: no script for preserve, continuing
7 info lifecycle simple-quiz@1.0.0~serve: simple-quiz@1.0.0
8 verbose lifecycle simple-quiz@1.0.0~serve: unsafe-perm in lifecycle true
9 verbose lifecycle simple-quiz@1.0.0~serve: PATH: /home/francis/.nvm/versions/node/v6.2.0/lib/node_modules/npm/bin/node-gyp-bin:/home/francis/Dev/Projects/Javascript/angular2/simple-quiz/node_modules/.bin:/home/francis/.nvm/versions/node/v6.2.0/bin:/home/francis/.nvm/versions/node/v6.2.0/bin:/home/francis/Dev/Persistence/redis-current/src:/home/francis/Dev/Persistence/mongodb-current/bin:/home/francis/Dev/Tools/MISC/maven/current/bin:/home/francis/Dev/Scripts:/usr/local/sbin:/usr/local/bin:/usr/sbin:/usr/bin:/sbin:/bin:/usr/games:/usr/local/games
10 verbose lifecycle simple-quiz@1.0.0~serve: CWD: /home/francis/Dev/Projects/Javascript/angular2/simple-quiz
11 silly lifecycle simple-quiz@1.0.0~serve: Args: [ '-c', 'tsc && concurrently "tsc -w" lite-server' ]
12 silly lifecycle simple-quiz@1.0.0~serve: Returned: code: 2  signal: null
13 info lifecycle simple-quiz@1.0.0~serve: Failed to exec serve script
14 verbose stack Error: simple-quiz@1.0.0 serve: `tsc && concurrently "tsc -w" lite-server`
14 verbose stack Exit status 2
14 verbose stack     at EventEmitter.<anonymous> (/home/francis/.nvm/versions/node/v6.2.0/lib/node_modules/npm/lib/utils/lifecycle.js:245:16)
14 verbose stack     at emitTwo (events.js:106:13)
14 verbose stack     at EventEmitter.emit (events.js:191:7)
14 verbose stack     at ChildProcess.<anonymous> (/home/francis/.nvm/versions/node/v6.2.0/lib/node_modules/npm/lib/utils/spawn.js:24:14)
14 verbose stack     at emitTwo (events.js:106:13)
14 verbose stack     at ChildProcess.emit (events.js:191:7)
14 verbose stack     at maybeClose (internal/child_process.js:850:16)
14 verbose stack     at Process.ChildProcess._handle.onexit (internal/child_process.js:215:5)
15 verbose pkgid simple-quiz@1.0.0
16 verbose cwd /home/francis/Dev/Projects/Javascript/angular2/simple-quiz
17 error Linux 4.4.0-24-generic
18 error argv "/home/francis/.nvm/versions/node/v6.2.0/bin/node" "/home/francis/.nvm/versions/node/v6.2.0/bin/npm" "run" "serve"
19 error node v6.2.0
20 error npm  v3.8.9
21 error code ELIFECYCLE
22 error simple-quiz@1.0.0 serve: `tsc && concurrently "tsc -w" lite-server`
22 error Exit status 2
23 error Failed at the simple-quiz@1.0.0 serve script 'tsc && concurrently "tsc -w" lite-server'.
23 error Make sure you have the latest version of node.js and npm installed.
23 error If you do, this is most likely a problem with the simple-quiz package,
23 error not with npm itself.
23 error Tell the author that this fails on your system:
23 error     tsc && concurrently "tsc -w" lite-server
23 error You can get information on how to open an issue for this project with:
23 error     npm bugs simple-quiz
23 error Or if that isn't available, you can get their info via:
23 error     npm owner ls simple-quiz
23 error There is likely additional logging output above.
24 verbose exit [ 1, true ]
